<?xml version="1.0" encoding="UTF-8"?>
<testsuites name="jest tests" tests="105" failures="39" errors="0" time="135.761">
  <testsuite name="Channel test" errors="0" failures="0" skipped="46" timestamp="2024-10-22T10:54:49" time="1.758" tests="46">
    <testcase classname="Channel test should create a channel" name="Channel test should create a channel" time="0">
      <skipped/>
    </testcase>
    <testcase classname="Channel test Should be able to delete channel" name="Channel test Should be able to delete channel" time="0">
      <skipped/>
    </testcase>
    <testcase classname="Channel test should get channel history" name="Channel test should get channel history" time="0">
      <skipped/>
    </testcase>
    <testcase classname="Channel test should get channel history with pagination" name="Channel test should get channel history with pagination" time="0">
      <skipped/>
    </testcase>
    <testcase classname="Channel test should fail when trying to send a message to a non-existent channel" name="Channel test should fail when trying to send a message to a non-existent channel" time="0">
      <skipped/>
    </testcase>
    <testcase classname="Channel test should fail when trying to send a message to a deleted channel" name="Channel test should fail when trying to send a message to a deleted channel" time="0">
      <skipped/>
    </testcase>
    <testcase classname="Channel test should fail when trying to get history of a deleted channel" name="Channel test should fail when trying to get history of a deleted channel" time="0">
      <skipped/>
    </testcase>
    <testcase classname="Channel test should edit membership metadata" name="Channel test should edit membership metadata" time="0">
      <skipped/>
    </testcase>
    <testcase classname="Channel test should create a direct, group and public chats with a predefined ID" name="Channel test should create a direct, group and public chats with a predefined ID" time="0">
      <skipped/>
    </testcase>
    <testcase classname="Channel test should create a direct, group and public chats with default IDs" name="Channel test should create a direct, group and public chats with default IDs" time="0">
      <skipped/>
    </testcase>
    <testcase classname="Channel test should create direct conversation and send message" name="Channel test should create direct conversation and send message" time="0">
      <skipped/>
    </testcase>
    <testcase classname="Channel test should create group conversation" name="Channel test should create group conversation" time="0">
      <skipped/>
    </testcase>
    <testcase classname="Channel test should create a thread" name="Channel test should create a thread" time="0">
      <skipped/>
    </testcase>
    <testcase classname="Channel test should not be able to create an empty Thread without any message" name="Channel test should not be able to create an empty Thread without any message" time="0">
      <skipped/>
    </testcase>
    <testcase classname="Channel test should stream channel updates and invoke the callback" name="Channel test should stream channel updates and invoke the callback" time="0">
      <skipped/>
    </testcase>
    <testcase classname="Channel test should stream membership updates and invoke the callback" name="Channel test should stream membership updates and invoke the callback" time="0">
      <skipped/>
    </testcase>
    <testcase classname="Channel test should get unread messages count" name="Channel test should get unread messages count" time="0">
      <skipped/>
    </testcase>
    <testcase classname="Channel test should mention users in a message and validate mentioned users" name="Channel test should mention users in a message and validate mentioned users" time="0">
      <skipped/>
    </testcase>
    <testcase classname="Channel test should mention users with multi-word names in a message and validate mentioned users" name="Channel test should mention users with multi-word names in a message and validate mentioned users" time="0">
      <skipped/>
    </testcase>
    <testcase classname="Channel test should send a message with words that start with @ but are not user mentions" name="Channel test should send a message with words that start with @ but are not user mentions" time="0">
      <skipped/>
    </testcase>
    <testcase classname="Channel test should try to mention users with incorrect usernames and validate no users are mentioned" name="Channel test should try to mention users with incorrect usernames and validate no users are mentioned" time="0">
      <skipped/>
    </testcase>
    <testcase classname="Channel test should suggest global users who are not members of the channel" name="Channel test should suggest global users who are not members of the channel" time="0">
      <skipped/>
    </testcase>
    <testcase classname="Channel test should mention the same user multiple times in a message and validate mentioned users" name="Channel test should mention the same user multiple times in a message and validate mentioned users" time="0">
      <skipped/>
    </testcase>
    <testcase classname="Channel test should correctly add and remove mentioned user" name="Channel test should correctly add and remove mentioned user" time="0">
      <skipped/>
    </testcase>
    <testcase classname="Channel test should correctly add and remove the middle mentioned user" name="Channel test should correctly add and remove the middle mentioned user" time="0">
      <skipped/>
    </testcase>
    <testcase classname="Channel test should mention user in a message and validate cache" name="Channel test should mention user in a message and validate cache" time="0">
      <skipped/>
    </testcase>
    <testcase classname="Channel test should add and remove a quote" name="Channel test should add and remove a quote" time="0">
      <skipped/>
    </testcase>
    <testcase classname="Channel test should throw an error when trying to quote a message from another channel" name="Channel test should throw an error when trying to quote a message from another channel" time="0">
      <skipped/>
    </testcase>
    <testcase classname="Channel test should quote multiple messages" name="Channel test should quote multiple messages" time="0">
      <skipped/>
    </testcase>
    <testcase classname="Channel test should correctly stream read receipts" name="Channel test should correctly stream read receipts" time="0">
      <skipped/>
    </testcase>
    <testcase classname="Channel test should invite a user to the channel" name="Channel test should invite a user to the channel" time="0">
      <skipped/>
    </testcase>
    <testcase classname="Channel test should invite multiple users to the channel" name="Channel test should invite multiple users to the channel" time="0">
      <skipped/>
    </testcase>
    <testcase classname="Channel test should verify if user is a member of a channel" name="Channel test should verify if user is a member of a channel" time="0">
      <skipped/>
    </testcase>
    <testcase classname="Channel test should verify if user is online on a channel" name="Channel test should verify if user is online on a channel" time="0">
      <skipped/>
    </testcase>
    <testcase classname="Channel test should verify all user-related mentions using getCurrentUserMentions()" name="Channel test should verify all user-related mentions using getCurrentUserMentions()" time="0">
      <skipped/>
    </testcase>
    <testcase classname="Channel test Should fail when trying to edit membership metadata of a non-existent channel" name="Channel test Should fail when trying to edit membership metadata of a non-existent channel" time="0">
      <skipped/>
    </testcase>
    <testcase classname="Channel test Should create direct conversation, edit, and delete a message" name="Channel test Should create direct conversation, edit, and delete a message" time="0">
      <skipped/>
    </testcase>
    <testcase classname="Channel test should create, reply to, and delete a thread" name="Channel test should create, reply to, and delete a thread" time="0">
      <skipped/>
    </testcase>
    <testcase classname="Channel test should create, reply to, delete a thread, and recreate the deleted thread" name="Channel test should create, reply to, delete a thread, and recreate the deleted thread" time="0">
      <skipped/>
    </testcase>
    <testcase classname="Channel test Should mention users with special characters in their names and validate mentioned users" name="Channel test Should mention users with special characters in their names and validate mentioned users" time="0">
      <skipped/>
    </testcase>
    <testcase classname="Channel test should create a group chat channel" name="Channel test should create a group chat channel" time="0">
      <skipped/>
    </testcase>
    <testcase classname="Channel test should create a public chat channel" name="Channel test should create a public chat channel" time="0">
      <skipped/>
    </testcase>
    <testcase classname="Channel test should set (or lift) restrictions on a user" name="Channel test should set (or lift) restrictions on a user" time="0">
      <skipped/>
    </testcase>
    <testcase classname="Channel test Should get the number of unread messages on channels" name="Channel test Should get the number of unread messages on channels" time="0">
      <skipped/>
    </testcase>
    <testcase classname="Channel test should set &apos;eTag&apos; and &apos;updated&apos; on the Membership object" name="Channel test should set &apos;eTag&apos; and &apos;updated&apos; on the Membership object" time="0">
      <skipped/>
    </testcase>
    <testcase classname="Channel test should set &apos;eTag&apos; and &apos;updated&apos; on the Membership object in real time" name="Channel test should set &apos;eTag&apos; and &apos;updated&apos; on the Membership object in real time" time="0">
      <skipped/>
    </testcase>
  </testsuite>
  <testsuite name="User test" errors="0" failures="0" skipped="12" timestamp="2024-10-22T10:54:49" time="2.358" tests="12">
    <testcase classname="User test Should automatically create chat user while initializing" name="User test Should automatically create chat user while initializing" time="0">
      <skipped/>
    </testcase>
    <testcase classname="User test Should be able to create and fetch user" name="User test Should be able to create and fetch user" time="0">
      <skipped/>
    </testcase>
    <testcase classname="User test Should be able to update user" name="User test Should be able to update user" time="0">
      <skipped/>
    </testcase>
    <testcase classname="User test Should be able to delete user" name="User test Should be able to delete user" time="0">
      <skipped/>
    </testcase>
    <testcase classname="User test Should stream user updates and invoke the callback" name="User test Should stream user updates and invoke the callback" time="0">
      <skipped/>
    </testcase>
    <testcase classname="User test should update the user even if they&apos;re a member of a particular channel" name="User test should update the user even if they&apos;re a member of a particular channel" time="0">
      <skipped/>
    </testcase>
    <testcase classname="User test should update the user even if they&apos;re not a member of a particular channel" name="User test should update the user even if they&apos;re not a member of a particular channel" time="0">
      <skipped/>
    </testcase>
    <testcase classname="User test should report a user" name="User test should report a user" time="0">
      <skipped/>
    </testcase>
    <testcase classname="User test Should be able to create, fetch, and validate multiple users" name="User test Should be able to create, fetch, and validate multiple users" time="0">
      <skipped/>
    </testcase>
    <testcase classname="User test Should fail to update a non-existent user" name="User test Should fail to update a non-existent user" time="0">
      <skipped/>
    </testcase>
    <testcase classname="User test Should fail to delete a non-existent user" name="User test Should fail to delete a non-existent user" time="0">
      <skipped/>
    </testcase>
    <testcase classname="User test Should apply filter to &apos;getMemberships&apos;" name="User test Should apply filter to &apos;getMemberships&apos;" time="0">
      <skipped/>
    </testcase>
  </testsuite>
  <testsuite name="Send message test" errors="0" failures="39" skipped="1" timestamp="2024-10-22T10:54:49" time="135.487" tests="47">
    <testcase classname="Send message test should send and receive unicode messages correctly" name="Send message test should send and receive unicode messages correctly" time="11.62">
      <failure>Error: expect(received).toContain(expected) // indexOf

Expected value: &quot;ðŸ˜€&quot;
Received array: []
    at Object.toContain (/Users/wojciech.kalicinski/projects/js-chat/lib/tests/message.test.ts:65:24)</failure>
    </testcase>
    <testcase classname="Send message test should send and receive regular text messages correctly" name="Send message test should send and receive regular text messages correctly" time="11.841">
      <failure>Error: expect(received).toContain(expected) // indexOf

Expected value: &quot;Hello&quot;
Received array: []
    at Object.toContain (/Users/wojciech.kalicinski/projects/js-chat/lib/tests/message.test.ts:90:24)</failure>
    </testcase>
    <testcase classname="Send message test should delete the message" name="Send message test should delete the message" time="1.805">
    </testcase>
    <testcase classname="Send message test should restore a soft deleted message" name="Send message test should restore a soft deleted message" time="2.303">
      <failure>Error: expect(received).toBe(expected) // Object.is equality

Expected: false
Received: true
    at Object.toBe (/Users/wojciech.kalicinski/projects/js-chat/lib/tests/message.test.ts:148:45)
    at processTicksAndRejections (node:internal/process/task_queues:95:5)</failure>
    </testcase>
    <testcase classname="Send message test should restore a soft deleted message together with its thread" name="Send message test should restore a soft deleted message together with its thread" time="5.612">
      <failure>TypeError: chat.getThreadId is not a function
    at Object.getThreadId (/Users/wojciech.kalicinski/projects/js-chat/lib/tests/message.test.ts:184:12)
    at processTicksAndRejections (node:internal/process/task_queues:95:5)</failure>
    </testcase>
    <testcase classname="Send message test should only log a warning if you try to restore an undeleted message" name="Send message test should only log a warning if you try to restore an undeleted message" time="1.176">
      <failure>PubNubException: This message has not been deleted
    at MessageImpl.PubNubException_init_$Create$ [as h21] (/Users/wojciech.kalicinski/projects/pubnub-chat/pubnub-chat-impl/build/src/commonMain/kotlin/com/pubnub/chat/internal/util/Utils.kt:47:7669)
    at Message_0.h21 [as restore] (/Users/wojciech.kalicinski/projects/pubnub-chat/pubnub-chat-impl/build/src/jsMain/kotlin/MessageJs.kt:51:24)
    at Object.restore (/Users/wojciech.kalicinski/projects/js-chat/lib/tests/message.test.ts:208:23)
    at processTicksAndRejections (node:internal/process/task_queues:95:5)</failure>
    </testcase>
    <testcase classname="Send message test should throw an error if you try to create a thread on a deleted message" name="Send message test should throw an error if you try to create a thread on a deleted message" time="1.147">
      <failure>PubNubException: REST API request processing error, check status for details
    at Companion_5.protoOf.m1o (/Users/wojciech.kalicinski/projects/pubnub-kotlin/pubnub-kotlin/pubnub-kotlin-core-api/src/jsMain/kotlin/com/pubnub/api/PubNubException.kt:29:17)
    at Companion_3.m1o (/Users/wojciech.kalicinski/projects/pubnub-kotlin/pubnub-kotlin/pubnub-kotlin-core-api/src/commonMain/kotlin/com/pubnub/api/v2/callbacks/Result.kt:115:108)
    at l1o (/Users/wojciech.kalicinski/projects/pubnub-kotlin/pubnub-kotlin/pubnub-kotlin-api/src/jsMain/kotlin/com/pubnub/api/EndpointImpl.kt:21:44)
    at processTicksAndRejections (node:internal/process/task_queues:95:5)</failure>
    </testcase>
    <testcase classname="Send message test should edit the message" name="Send message test should edit the message" time="1.172">
    </testcase>
    <testcase classname="Send message test should toggle the message reaction" name="Send message test should toggle the message reaction" time="1.269">
      <failure>Error: expect(received).toBeDefined()

Received: undefined
    at Object.toBeDefined (/Users/wojciech.kalicinski/projects/js-chat/lib/tests/message.test.ts:270:53)
    at processTicksAndRejections (node:internal/process/task_queues:95:5)</failure>
    </testcase>
    <testcase classname="Send message test should pin the message" name="Send message test should pin the message" time="1.481">
    </testcase>
    <testcase classname="Send message test should unpin the message" name="Send message test should unpin the message" time="1.828">
    </testcase>
    <testcase classname="Send message test should stream message updates and invoke the callback" name="Send message test should stream message updates and invoke the callback" time="3.163">
    </testcase>
    <testcase classname="Send message test should render URLs correctly" name="Send message test should render URLs correctly" time="4.057">
      <failure>TypeError: messageDraft.addMentionedUser is not a function
    at addMentionedUser (/Users/wojciech.kalicinski/projects/js-chat/lib/tests/utils.ts:183:22)
    at Object.&lt;anonymous&gt; (/Users/wojciech.kalicinski/projects/js-chat/lib/tests/message.test.ts:347:58)
    at processTicksAndRejections (node:internal/process/task_queues:95:5)</failure>
    </testcase>
    <testcase classname="Send message test should add linked text correctly" name="Send message test should add linked text correctly" time="0.663">
      <failure>TypeError: this.j2m_1.q2e is not a function
    at MessageDraft.q2e [as onChange] (/Users/wojciech.kalicinski/projects/pubnub-chat/pubnub-chat-impl/build/src/jsMain/kotlin/MessageDraftJs.kt:22:22)
    at Object.onChange (/Users/wojciech.kalicinski/projects/js-chat/lib/tests/message.test.ts:358:18)
    at Promise.then.completed (/Users/wojciech.kalicinski/projects/js-chat/node_modules/jest-circus/build/utils.js:298:28)
    at new Promise (&lt;anonymous&gt;)
    at callAsyncCircusFn (/Users/wojciech.kalicinski/projects/js-chat/node_modules/jest-circus/build/utils.js:231:10)
    at _callCircusTest (/Users/wojciech.kalicinski/projects/js-chat/node_modules/jest-circus/build/run.js:316:40)
    at processTicksAndRejections (node:internal/process/task_queues:95:5)
    at _runTest (/Users/wojciech.kalicinski/projects/js-chat/node_modules/jest-circus/build/run.js:252:3)
    at _runTestsForDescribeBlock (/Users/wojciech.kalicinski/projects/js-chat/node_modules/jest-circus/build/run.js:126:9)
    at _runTestsForDescribeBlock (/Users/wojciech.kalicinski/projects/js-chat/node_modules/jest-circus/build/run.js:121:9)
    at run (/Users/wojciech.kalicinski/projects/js-chat/node_modules/jest-circus/build/run.js:71:3)
    at runAndTransformResultsToJestFormat (/Users/wojciech.kalicinski/projects/js-chat/node_modules/jest-circus/build/legacy-code-todo-rewrite/jestAdapterInit.js:122:21)
    at jestAdapter (/Users/wojciech.kalicinski/projects/js-chat/node_modules/jest-circus/build/legacy-code-todo-rewrite/jestAdapter.js:79:19)
    at runTestInternal (/Users/wojciech.kalicinski/projects/js-chat/node_modules/jest-runner/build/runTest.js:367:16)
    at runTest (/Users/wojciech.kalicinski/projects/js-chat/node_modules/jest-runner/build/runTest.js:444:34)
    at Object.worker (/Users/wojciech.kalicinski/projects/js-chat/node_modules/jest-runner/build/testWorker.js:106:12)</failure>
    </testcase>
    <testcase classname="Send message test should throw an error for invalid link format" name="Send message test should throw an error for invalid link format" time="0.723">
      <failure>TypeError: this.j2m_1.q2e is not a function
    at MessageDraft.q2e [as onChange] (/Users/wojciech.kalicinski/projects/pubnub-chat/pubnub-chat-impl/build/src/jsMain/kotlin/MessageDraftJs.kt:22:22)
    at Object.onChange (/Users/wojciech.kalicinski/projects/js-chat/lib/tests/message.test.ts:381:18)
    at Promise.then.completed (/Users/wojciech.kalicinski/projects/js-chat/node_modules/jest-circus/build/utils.js:298:28)
    at new Promise (&lt;anonymous&gt;)
    at callAsyncCircusFn (/Users/wojciech.kalicinski/projects/js-chat/node_modules/jest-circus/build/utils.js:231:10)
    at _callCircusTest (/Users/wojciech.kalicinski/projects/js-chat/node_modules/jest-circus/build/run.js:316:40)
    at processTicksAndRejections (node:internal/process/task_queues:95:5)
    at _runTest (/Users/wojciech.kalicinski/projects/js-chat/node_modules/jest-circus/build/run.js:252:3)
    at _runTestsForDescribeBlock (/Users/wojciech.kalicinski/projects/js-chat/node_modules/jest-circus/build/run.js:126:9)
    at _runTestsForDescribeBlock (/Users/wojciech.kalicinski/projects/js-chat/node_modules/jest-circus/build/run.js:121:9)
    at run (/Users/wojciech.kalicinski/projects/js-chat/node_modules/jest-circus/build/run.js:71:3)
    at runAndTransformResultsToJestFormat (/Users/wojciech.kalicinski/projects/js-chat/node_modules/jest-circus/build/legacy-code-todo-rewrite/jestAdapterInit.js:122:21)
    at jestAdapter (/Users/wojciech.kalicinski/projects/js-chat/node_modules/jest-circus/build/legacy-code-todo-rewrite/jestAdapter.js:79:19)
    at runTestInternal (/Users/wojciech.kalicinski/projects/js-chat/node_modules/jest-runner/build/runTest.js:367:16)
    at runTest (/Users/wojciech.kalicinski/projects/js-chat/node_modules/jest-runner/build/runTest.js:444:34)
    at Object.worker (/Users/wojciech.kalicinski/projects/js-chat/node_modules/jest-runner/build/testWorker.js:106:12)</failure>
    </testcase>
    <testcase classname="Send message test should throw an error if adding a link inside another link" name="Send message test should throw an error if adding a link inside another link" time="0.755">
      <failure>TypeError: this.j2m_1.q2e is not a function
    at MessageDraft.q2e [as onChange] (/Users/wojciech.kalicinski/projects/pubnub-chat/pubnub-chat-impl/build/src/jsMain/kotlin/MessageDraftJs.kt:22:22)
    at Object.onChange (/Users/wojciech.kalicinski/projects/js-chat/lib/tests/message.test.ts:399:18)
    at Promise.then.completed (/Users/wojciech.kalicinski/projects/js-chat/node_modules/jest-circus/build/utils.js:298:28)
    at new Promise (&lt;anonymous&gt;)
    at callAsyncCircusFn (/Users/wojciech.kalicinski/projects/js-chat/node_modules/jest-circus/build/utils.js:231:10)
    at _callCircusTest (/Users/wojciech.kalicinski/projects/js-chat/node_modules/jest-circus/build/run.js:316:40)
    at processTicksAndRejections (node:internal/process/task_queues:95:5)
    at _runTest (/Users/wojciech.kalicinski/projects/js-chat/node_modules/jest-circus/build/run.js:252:3)
    at _runTestsForDescribeBlock (/Users/wojciech.kalicinski/projects/js-chat/node_modules/jest-circus/build/run.js:126:9)
    at _runTestsForDescribeBlock (/Users/wojciech.kalicinski/projects/js-chat/node_modules/jest-circus/build/run.js:121:9)
    at run (/Users/wojciech.kalicinski/projects/js-chat/node_modules/jest-circus/build/run.js:71:3)
    at runAndTransformResultsToJestFormat (/Users/wojciech.kalicinski/projects/js-chat/node_modules/jest-circus/build/legacy-code-todo-rewrite/jestAdapterInit.js:122:21)
    at jestAdapter (/Users/wojciech.kalicinski/projects/js-chat/node_modules/jest-circus/build/legacy-code-todo-rewrite/jestAdapter.js:79:19)
    at runTestInternal (/Users/wojciech.kalicinski/projects/js-chat/node_modules/jest-runner/build/runTest.js:367:16)
    at runTest (/Users/wojciech.kalicinski/projects/js-chat/node_modules/jest-runner/build/runTest.js:444:34)
    at Object.worker (/Users/wojciech.kalicinski/projects/js-chat/node_modules/jest-runner/build/testWorker.js:106:12)</failure>
    </testcase>
    <testcase classname="Send message test should remove a linked URL correctly" name="Send message test should remove a linked URL correctly" time="0.003">
      <failure>PubNubException: REST API request processing error, check status for details
    at Companion_5.protoOf.m1o (/Users/wojciech.kalicinski/projects/pubnub-kotlin/pubnub-kotlin/pubnub-kotlin-core-api/src/jsMain/kotlin/com/pubnub/api/PubNubException.kt:29:17)
    at Companion_3.m1o (/Users/wojciech.kalicinski/projects/pubnub-kotlin/pubnub-kotlin/pubnub-kotlin-core-api/src/commonMain/kotlin/com/pubnub/api/v2/callbacks/Result.kt:115:108)
    at l1o (/Users/wojciech.kalicinski/projects/pubnub-kotlin/pubnub-kotlin/pubnub-kotlin-api/src/jsMain/kotlin/com/pubnub/api/EndpointImpl.kt:21:44)
    at processTicksAndRejections (node:internal/process/task_queues:95:5)</failure>
    </testcase>
    <testcase classname="Send message test should report a message" name="Send message test should report a message" time="1.838">
      <failure>TypeError: channel.getMessageReportsHistory is not a function
    at Object.getMessageReportsHistory (/Users/wojciech.kalicinski/projects/js-chat/lib/tests/message.test.ts:477:38)</failure>
    </testcase>
    <testcase classname="Send message test should report a message (deprecated)" name="Send message test should report a message (deprecated)" time="1.337">
      <failure>TypeError: reportedMessage.DEPRECATED_report is not a function
    at Object.DEPRECATED_report (/Users/wojciech.kalicinski/projects/js-chat/lib/tests/message.test.ts:496:27)
    at processTicksAndRejections (node:internal/process/task_queues:95:5)</failure>
    </testcase>
    <testcase classname="Send message test should send multiple image files along with a text message correctly" name="Send message test should send multiple image files along with a text message correctly" time="4.04">
      <failure>Error: expect(received).toContain(expected) // indexOf

Expected value: &quot;Hello, sending three files&quot;
Received array: []
    at Object.toContain (/Users/wojciech.kalicinski/projects/js-chat/lib/tests/message.test.ts:544:22)</failure>
    </testcase>
    <testcase classname="Send message test should send image file along with a text message correctly" name="Send message test should send image file along with a text message correctly" time="3.927">
      <failure>Error: expect(received).toContain(expected) // indexOf

Expected value: &quot;Hello, sending three files&quot;
Received array: []
    at Object.toContain (/Users/wojciech.kalicinski/projects/js-chat/lib/tests/message.test.ts:591:22)</failure>
    </testcase>
    <testcase classname="Send message test should send pdf file along with a text message correctly" name="Send message test should send pdf file along with a text message correctly" time="4.087">
      <failure>Error: expect(received).toContain(expected) // indexOf

Expected value: &quot;Hello, sending three files&quot;
Received array: []
    at Object.toContain (/Users/wojciech.kalicinski/projects/js-chat/lib/tests/message.test.ts:628:22)</failure>
    </testcase>
    <testcase classname="Send message test should send txt file along with a text message correctly" name="Send message test should send txt file along with a text message correctly" time="0.008">
      <failure>PubNubException: REST API request processing error, check status for details
    at Companion_5.protoOf.m1o (/Users/wojciech.kalicinski/projects/pubnub-kotlin/pubnub-kotlin/pubnub-kotlin-core-api/src/jsMain/kotlin/com/pubnub/api/PubNubException.kt:29:17)
    at Companion_3.m1o (/Users/wojciech.kalicinski/projects/pubnub-kotlin/pubnub-kotlin/pubnub-kotlin-core-api/src/commonMain/kotlin/com/pubnub/api/v2/callbacks/Result.kt:115:108)
    at l1o (/Users/wojciech.kalicinski/projects/pubnub-kotlin/pubnub-kotlin/pubnub-kotlin-api/src/jsMain/kotlin/com/pubnub/api/EndpointImpl.kt:21:44)
    at processTicksAndRejections (node:internal/process/task_queues:95:5)</failure>
    </testcase>
    <testcase classname="Send message test should send mp4 file along with a text message correctly" name="Send message test should send mp4 file along with a text message correctly" time="7.071">
      <failure>Error: expect(received).toContain(expected) // indexOf

Expected value: &quot;Hello, sending three files&quot;
Received array: []
    at Object.toContain (/Users/wojciech.kalicinski/projects/js-chat/lib/tests/message.test.ts:702:22)</failure>
    </testcase>
    <testcase classname="Send message test should send multiple different types of files along with a text message correctly" name="Send message test should send multiple different types of files along with a text message correctly" time="4.198">
      <failure>Error: expect(received).toContain(expected) // indexOf

Expected value: &quot;Hello, sending three files&quot;
Received array: []
    at Object.toContain (/Users/wojciech.kalicinski/projects/js-chat/lib/tests/message.test.ts:745:22)</failure>
    </testcase>
    <testcase classname="Send message test shouldn&apos;t allow to send image file over 5 mb along with a text message" name="Send message test shouldn&apos;t allow to send image file over 5 mb along with a text message" time="0">
      <skipped/>
    </testcase>
    <testcase classname="Send message test should send 3 messages with proper delays and verify rate limiter" name="Send message test should send 3 messages with proper delays and verify rate limiter" time="2.445">
      <failure>Error: expect(received).toBeGreaterThan(expected)

Expected: &gt; 1000
Received:   389.4349170923233
    at Object.toBeGreaterThan (/Users/wojciech.kalicinski/projects/js-chat/lib/tests/message.test.ts:837:28)
    at processTicksAndRejections (node:internal/process/task_queues:95:5)</failure>
    </testcase>
    <testcase classname="Send message test should send long messages and validate correct rendering" name="Send message test should send long messages and validate correct rendering" time="9.829">
      <failure>Error: expect(received).toContain(expected) // indexOf

Expected value: &quot;This is a long message with a lot of text to test the rendering of long messages in the chat.&quot;
Received array: []
    at Object.toContain (/Users/wojciech.kalicinski/projects/js-chat/lib/tests/message.test.ts:865:24)</failure>
    </testcase>
    <testcase classname="Send message test should fail to send an empty or whitespace-only message" name="Send message test should fail to send an empty or whitespace-only message" time="1.053">
    </testcase>
    <testcase classname="Send message test should send and receive messages in various languages correctly" name="Send message test should send and receive messages in various languages correctly" time="5.234">
      <failure>PubNubException: REST API request processing error, check status for details
    at Companion_5.protoOf.m1o (/Users/wojciech.kalicinski/projects/pubnub-kotlin/pubnub-kotlin/pubnub-kotlin-core-api/src/jsMain/kotlin/com/pubnub/api/PubNubException.kt:29:17)
    at Companion_3.m1o (/Users/wojciech.kalicinski/projects/pubnub-kotlin/pubnub-kotlin/pubnub-kotlin-core-api/src/commonMain/kotlin/com/pubnub/api/v2/callbacks/Result.kt:115:108)
    at l1o (/Users/wojciech.kalicinski/projects/pubnub-kotlin/pubnub-kotlin/pubnub-kotlin-api/src/jsMain/kotlin/com/pubnub/api/EndpointImpl.kt:21:44)
    at processTicksAndRejections (node:internal/process/task_queues:95:5)</failure>
    </testcase>
    <testcase classname="Send message test should toggle the message reaction and then delete the message reaction" name="Send message test should toggle the message reaction and then delete the message reaction" time="1.608">
      <failure>Error: expect(received).toBeDefined()

Received: undefined
    at Object.toBeDefined (/Users/wojciech.kalicinski/projects/js-chat/lib/tests/message.test.ts:939:53)
    at processTicksAndRejections (node:internal/process/task_queues:95:5)</failure>
    </testcase>
    <testcase classname="Send message test should be unable to pin multiple messages" name="Send message test should be unable to pin multiple messages" time="2.115">
      <failure>Error: Failed to pin the first message
    at Object.&lt;anonymous&gt; (/Users/wojciech.kalicinski/projects/js-chat/lib/tests/message.test.ts:965:13)
    at processTicksAndRejections (node:internal/process/task_queues:95:5)</failure>
    </testcase>
    <testcase classname="Send message test should not allow inserting a link inside another link" name="Send message test should not allow inserting a link inside another link" time="0.783">
      <failure>TypeError: this.j2m_1.q2e is not a function
    at MessageDraft.q2e [as onChange] (/Users/wojciech.kalicinski/projects/pubnub-chat/pubnub-chat-impl/build/src/jsMain/kotlin/MessageDraftJs.kt:22:22)
    at Object.onChange (/Users/wojciech.kalicinski/projects/js-chat/lib/tests/message.test.ts:984:18)
    at Promise.then.completed (/Users/wojciech.kalicinski/projects/js-chat/node_modules/jest-circus/build/utils.js:298:28)
    at new Promise (&lt;anonymous&gt;)
    at callAsyncCircusFn (/Users/wojciech.kalicinski/projects/js-chat/node_modules/jest-circus/build/utils.js:231:10)
    at _callCircusTest (/Users/wojciech.kalicinski/projects/js-chat/node_modules/jest-circus/build/run.js:316:40)
    at processTicksAndRejections (node:internal/process/task_queues:95:5)
    at _runTest (/Users/wojciech.kalicinski/projects/js-chat/node_modules/jest-circus/build/run.js:252:3)
    at _runTestsForDescribeBlock (/Users/wojciech.kalicinski/projects/js-chat/node_modules/jest-circus/build/run.js:126:9)
    at _runTestsForDescribeBlock (/Users/wojciech.kalicinski/projects/js-chat/node_modules/jest-circus/build/run.js:121:9)
    at run (/Users/wojciech.kalicinski/projects/js-chat/node_modules/jest-circus/build/run.js:71:3)
    at runAndTransformResultsToJestFormat (/Users/wojciech.kalicinski/projects/js-chat/node_modules/jest-circus/build/legacy-code-todo-rewrite/jestAdapterInit.js:122:21)
    at jestAdapter (/Users/wojciech.kalicinski/projects/js-chat/node_modules/jest-circus/build/legacy-code-todo-rewrite/jestAdapter.js:79:19)
    at runTestInternal (/Users/wojciech.kalicinski/projects/js-chat/node_modules/jest-runner/build/runTest.js:367:16)
    at runTest (/Users/wojciech.kalicinski/projects/js-chat/node_modules/jest-runner/build/runTest.js:444:34)
    at Object.worker (/Users/wojciech.kalicinski/projects/js-chat/node_modules/jest-runner/build/testWorker.js:106:12)</failure>
    </testcase>
    <testcase classname="Send message test should send quote message in a Thread" name="Send message test should send quote message in a Thread" time="3.889">
      <failure>TypeError: Cannot read properties of undefined (reading &apos;text&apos;)
    at Object.text (/Users/wojciech.kalicinski/projects/js-chat/lib/tests/message.test.ts:1050:69)
    at processTicksAndRejections (node:internal/process/task_queues:95:5)</failure>
    </testcase>
    <testcase classname="Send message test should pin the message inside the Thread" name="Send message test should pin the message inside the Thread" time="3.956">
    </testcase>
    <testcase classname="Send message test should encrypt and decrypt a message" name="Send message test should encrypt and decrypt a message" time="2.075">
      <failure>ReferenceError: crypto is not defined
    at crypto (/Users/wojciech.kalicinski/projects/pubnub-chat-impl/build/compileSync/js/main/productionLibrary/kotlin/js/src/kotlin/uuid/UuidJs.kt:11:5)
    at Companion_17.secureRandomUuid [as gh] (/Users/wojciech.kalicinski/projects/pubnub-chat-impl/build/compileSync/js/main/productionLibrary/kotlin/src/kotlin/uuid/Uuid.kt:372:13)
    at ChatImpl.gh [as a20] (/Users/wojciech.kalicinski/projects/pubnub-chat/pubnub-chat-impl/build/src/commonMain/kotlin/com/pubnub/chat/internal/ChatImpl.kt:585:48)
    at Chat_0.a20 [as createGroupConversation] (/Users/wojciech.kalicinski/projects/pubnub-chat/pubnub-chat-impl/build/src/jsMain/kotlin/ChatJs.kt:210:21)
    at Object.createGroupConversation (/Users/wojciech.kalicinski/projects/js-chat/lib/tests/message.test.ts:1097:59)
    at processTicksAndRejections (node:internal/process/task_queues:95:5)</failure>
    </testcase>
    <testcase classname="Send message test should encrypt and decrypt a file" name="Send message test should encrypt and decrypt a file" time="2.006">
      <failure>ReferenceError: crypto is not defined
    at crypto (/Users/wojciech.kalicinski/projects/pubnub-chat-impl/build/compileSync/js/main/productionLibrary/kotlin/js/src/kotlin/uuid/UuidJs.kt:11:5)
    at Companion_17.secureRandomUuid [as gh] (/Users/wojciech.kalicinski/projects/pubnub-chat-impl/build/compileSync/js/main/productionLibrary/kotlin/src/kotlin/uuid/Uuid.kt:372:13)
    at ChatImpl.gh [as a20] (/Users/wojciech.kalicinski/projects/pubnub-chat/pubnub-chat-impl/build/src/commonMain/kotlin/com/pubnub/chat/internal/ChatImpl.kt:585:48)
    at Chat_0.a20 [as createGroupConversation] (/Users/wojciech.kalicinski/projects/pubnub-chat/pubnub-chat-impl/build/src/jsMain/kotlin/ChatJs.kt:210:21)
    at Object.createGroupConversation (/Users/wojciech.kalicinski/projects/js-chat/lib/tests/message.test.ts:1147:59)
    at processTicksAndRejections (node:internal/process/task_queues:95:5)</failure>
    </testcase>
    <testcase classname="Send message test should still view text messages sent before enabling encryption" name="Send message test should still view text messages sent before enabling encryption" time="2.054">
      <failure>ReferenceError: crypto is not defined
    at crypto (/Users/wojciech.kalicinski/projects/pubnub-chat-impl/build/compileSync/js/main/productionLibrary/kotlin/js/src/kotlin/uuid/UuidJs.kt:11:5)
    at Companion_17.secureRandomUuid [as gh] (/Users/wojciech.kalicinski/projects/pubnub-chat-impl/build/compileSync/js/main/productionLibrary/kotlin/src/kotlin/uuid/Uuid.kt:372:13)
    at ChatImpl.gh [as a20] (/Users/wojciech.kalicinski/projects/pubnub-chat/pubnub-chat-impl/build/src/commonMain/kotlin/com/pubnub/chat/internal/ChatImpl.kt:585:48)
    at Chat_0.a20 [as createGroupConversation] (/Users/wojciech.kalicinski/projects/pubnub-chat/pubnub-chat-impl/build/src/jsMain/kotlin/ChatJs.kt:210:21)
    at Object.createGroupConversation (/Users/wojciech.kalicinski/projects/js-chat/lib/tests/message.test.ts:1188:46)
    at processTicksAndRejections (node:internal/process/task_queues:95:5)</failure>
    </testcase>
    <testcase classname="Send message test should still view files sent before enabling encryption" name="Send message test should still view files sent before enabling encryption" time="2.123">
      <failure>ReferenceError: crypto is not defined
    at crypto (/Users/wojciech.kalicinski/projects/pubnub-chat-impl/build/compileSync/js/main/productionLibrary/kotlin/js/src/kotlin/uuid/UuidJs.kt:11:5)
    at Companion_17.secureRandomUuid [as gh] (/Users/wojciech.kalicinski/projects/pubnub-chat-impl/build/compileSync/js/main/productionLibrary/kotlin/src/kotlin/uuid/Uuid.kt:372:13)
    at ChatImpl.gh [as a20] (/Users/wojciech.kalicinski/projects/pubnub-chat/pubnub-chat-impl/build/src/commonMain/kotlin/com/pubnub/chat/internal/ChatImpl.kt:585:48)
    at Chat_0.a20 [as createGroupConversation] (/Users/wojciech.kalicinski/projects/pubnub-chat/pubnub-chat-impl/build/src/jsMain/kotlin/ChatJs.kt:210:21)
    at Object.createGroupConversation (/Users/wojciech.kalicinski/projects/js-chat/lib/tests/message.test.ts:1241:46)
    at processTicksAndRejections (node:internal/process/task_queues:95:5)</failure>
    </testcase>
    <testcase classname="Send message test should be able to decrypt text and file messages sent using a previous encryption key" name="Send message test should be able to decrypt text and file messages sent using a previous encryption key" time="2.609">
      <failure>ReferenceError: crypto is not defined
    at crypto (/Users/wojciech.kalicinski/projects/pubnub-chat-impl/build/compileSync/js/main/productionLibrary/kotlin/js/src/kotlin/uuid/UuidJs.kt:11:5)
    at Companion_17.secureRandomUuid [as gh] (/Users/wojciech.kalicinski/projects/pubnub-chat-impl/build/compileSync/js/main/productionLibrary/kotlin/src/kotlin/uuid/Uuid.kt:372:13)
    at ChatImpl.gh [as a20] (/Users/wojciech.kalicinski/projects/pubnub-chat/pubnub-chat-impl/build/src/commonMain/kotlin/com/pubnub/chat/internal/ChatImpl.kt:585:48)
    at Chat_0.a20 [as createGroupConversation] (/Users/wojciech.kalicinski/projects/pubnub-chat/pubnub-chat-impl/build/src/jsMain/kotlin/ChatJs.kt:210:21)
    at Object.createGroupConversation (/Users/wojciech.kalicinski/projects/js-chat/lib/tests/message.test.ts:1303:51)
    at processTicksAndRejections (node:internal/process/task_queues:95:5)</failure>
    </testcase>
    <testcase classname="Send message test should send a message with custom body and transform it to TextMessageContent when received" name="Send message test should send a message with custom body and transform it to TextMessageContent when received" time="1.644">
      <failure>PubNubException: Serializer for class &apos;Any&apos; is not found.
Please ensure that class is marked as &apos;@Serializable&apos; and that the serialization compiler plugin is applied.
To get enum serializer on Kotlin/JS, it should be annotated with @Serializable annotation.
    at Companion_5.protoOf.m1o (/Users/wojciech.kalicinski/projects/pubnub-kotlin/pubnub-kotlin/pubnub-kotlin-core-api/src/jsMain/kotlin/com/pubnub/api/PubNubException.kt:29:17)
    at Companion_3.m1o (/Users/wojciech.kalicinski/projects/pubnub-kotlin/pubnub-kotlin/pubnub-kotlin-core-api/src/commonMain/kotlin/com/pubnub/api/v2/callbacks/Result.kt:115:108)
    at sam$com_pubnub_api_v2_callbacks_Consumer$0_1.l1o [as s1u_1] (/Users/wojciech.kalicinski/projects/pubnub-kotlin/pubnub-kotlin/pubnub-kotlin-core-api/src/commonMain/kotlin/com/pubnub/api/v2/callbacks/Result.kt:243:16)
    at sam$com_pubnub_api_v2_callbacks_Consumer$0_1.protoOf.k1p (/Users/wojciech.kalicinski/projects/pubnub-chat/pubnub-chat-impl/build/dist/js/productionLibrary/pubnub-pubnub-kotlin-pubnub-kotlin-api.js:1674:17)
    at sam$com_pubnub_kmp_PNFuture$0_4.k1p [as p1u_1] (/Users/wojciech.kalicinski/projects/pubnub-kotlin/pubnub-kotlin/pubnub-kotlin-api/src/commonMain/kotlin/com/pubnub/kmp/futures.kt:112:18)
    at sam$com_pubnub_kmp_PNFuture$0_4.protoOf.z1o (/Users/wojciech.kalicinski/projects/pubnub-chat/pubnub-chat-impl/build/dist/js/productionLibrary/pubnub-pubnub-kotlin-pubnub-kotlin-api.js:1554:17)
    at sam$com_pubnub_kmp_PNFuture$0_0.z1o [as l1u_1] (/Users/wojciech.kalicinski/projects/pubnub-kotlin/pubnub-kotlin/pubnub-kotlin-api/src/commonMain/kotlin/com/pubnub/kmp/futures.kt:67:20)
    at sam$com_pubnub_kmp_PNFuture$0_0.protoOf.z1o (/Users/wojciech.kalicinski/projects/pubnub-chat/pubnub-chat-impl/build/dist/js/productionLibrary/pubnub-pubnub-kotlin-pubnub-kotlin-api.js:1446:17)
    at sam$com_pubnub_kmp_PNFuture$0.z1o [as k1u_1] (/Users/wojciech.kalicinski/projects/pubnub-kotlin/pubnub-kotlin/pubnub-kotlin-api/src/commonMain/kotlin/com/pubnub/kmp/futures.kt:61:15)
    at sam$com_pubnub_kmp_PNFuture$0.protoOf.z1o (/Users/wojciech.kalicinski/projects/pubnub-chat/pubnub-chat-impl/build/dist/js/productionLibrary/pubnub-pubnub-kotlin-pubnub-kotlin-api.js:1419:17)
    at sam$com_pubnub_kmp_PNFuture$0.z1o [as k1u_1] (/Users/wojciech.kalicinski/projects/pubnub-kotlin/pubnub-kotlin/pubnub-kotlin-api/src/commonMain/kotlin/com/pubnub/kmp/futures.kt:61:15)
    at sam$com_pubnub_kmp_PNFuture$0.protoOf.z1o (/Users/wojciech.kalicinski/projects/pubnub-chat/pubnub-chat-impl/build/dist/js/productionLibrary/pubnub-pubnub-kotlin-pubnub-kotlin-api.js:1419:17)
    at z1o (/Users/wojciech.kalicinski/projects/pubnub-chat/pubnub-chat-impl/build/src/jsMain/kotlin/converters.kt:134:5)
    at new Promise (&lt;anonymous&gt;)
    at asPromise (/Users/wojciech.kalicinski/projects/pubnub-chat/pubnub-chat-impl/build/src/jsMain/kotlin/converters.kt:133:47)
    at Channel_1.asPromise [as sendText] (/Users/wojciech.kalicinski/projects/pubnub-chat/pubnub-chat-impl/build/src/jsMain/kotlin/ChannelJs.kt:83:11)
    at Object.sendText (/Users/wojciech.kalicinski/projects/js-chat/lib/tests/message.test.ts:1390:23)
    at processTicksAndRejections (node:internal/process/task_queues:95:5)</failure>
    </testcase>
    <testcase classname="Send message test should send a message with custom body and crash if getMessageResponseBody is incorrect" name="Send message test should send a message with custom body and crash if getMessageResponseBody is incorrect" time="2.228">
      <failure>Error: expect(received).toBe(expected) // Object.is equality

Expected: &quot;Cannot read properties of undefined (reading &apos;does&apos;)&quot;
Received: &quot;Failed to retrieve getHistory data.&quot;
    at Object.toBe (/Users/wojciech.kalicinski/projects/js-chat/lib/tests/message.test.ts:1427:32)
    at processTicksAndRejections (node:internal/process/task_queues:95:5)</failure>
    </testcase>
    <testcase classname="Send message test should be able to pass custom edit and delete action names" name="Send message test should be able to pass custom edit and delete action names" time="2.884">
      <failure>PubNubException: REST API request processing error, check status for details
    at Companion_5.protoOf.m1o (/Users/wojciech.kalicinski/projects/pubnub-kotlin/pubnub-kotlin/pubnub-kotlin-core-api/src/jsMain/kotlin/com/pubnub/api/PubNubException.kt:29:17)
    at Companion_3.m1o (/Users/wojciech.kalicinski/projects/pubnub-kotlin/pubnub-kotlin/pubnub-kotlin-core-api/src/commonMain/kotlin/com/pubnub/api/v2/callbacks/Result.kt:115:108)
    at l1o (/Users/wojciech.kalicinski/projects/pubnub-kotlin/pubnub-kotlin/pubnub-kotlin-api/src/jsMain/kotlin/com/pubnub/api/EndpointImpl.kt:21:44)
    at processTicksAndRejections (node:internal/process/task_queues:95:5)</failure>
    </testcase>
    <testcase classname="Send message test should work fine even for multiple schemas on different channels" name="Send message test should work fine even for multiple schemas on different channels" time="1.914">
      <failure>PubNubException: Serializer for class &apos;Any&apos; is not found.
Please ensure that class is marked as &apos;@Serializable&apos; and that the serialization compiler plugin is applied.
To get enum serializer on Kotlin/JS, it should be annotated with @Serializable annotation.
    at Companion_5.protoOf.m1o (/Users/wojciech.kalicinski/projects/pubnub-kotlin/pubnub-kotlin/pubnub-kotlin-core-api/src/jsMain/kotlin/com/pubnub/api/PubNubException.kt:29:17)
    at Companion_3.m1o (/Users/wojciech.kalicinski/projects/pubnub-kotlin/pubnub-kotlin/pubnub-kotlin-core-api/src/commonMain/kotlin/com/pubnub/api/v2/callbacks/Result.kt:115:108)
    at sam$com_pubnub_api_v2_callbacks_Consumer$0_1.l1o [as s1u_1] (/Users/wojciech.kalicinski/projects/pubnub-kotlin/pubnub-kotlin/pubnub-kotlin-core-api/src/commonMain/kotlin/com/pubnub/api/v2/callbacks/Result.kt:243:16)
    at sam$com_pubnub_api_v2_callbacks_Consumer$0_1.protoOf.k1p (/Users/wojciech.kalicinski/projects/pubnub-chat/pubnub-chat-impl/build/dist/js/productionLibrary/pubnub-pubnub-kotlin-pubnub-kotlin-api.js:1674:17)
    at sam$com_pubnub_kmp_PNFuture$0_4.k1p [as p1u_1] (/Users/wojciech.kalicinski/projects/pubnub-kotlin/pubnub-kotlin/pubnub-kotlin-api/src/commonMain/kotlin/com/pubnub/kmp/futures.kt:112:18)
    at sam$com_pubnub_kmp_PNFuture$0_4.protoOf.z1o (/Users/wojciech.kalicinski/projects/pubnub-chat/pubnub-chat-impl/build/dist/js/productionLibrary/pubnub-pubnub-kotlin-pubnub-kotlin-api.js:1554:17)
    at sam$com_pubnub_kmp_PNFuture$0_0.z1o [as l1u_1] (/Users/wojciech.kalicinski/projects/pubnub-kotlin/pubnub-kotlin/pubnub-kotlin-api/src/commonMain/kotlin/com/pubnub/kmp/futures.kt:67:20)
    at sam$com_pubnub_kmp_PNFuture$0_0.protoOf.z1o (/Users/wojciech.kalicinski/projects/pubnub-chat/pubnub-chat-impl/build/dist/js/productionLibrary/pubnub-pubnub-kotlin-pubnub-kotlin-api.js:1446:17)
    at sam$com_pubnub_kmp_PNFuture$0.z1o [as k1u_1] (/Users/wojciech.kalicinski/projects/pubnub-kotlin/pubnub-kotlin/pubnub-kotlin-api/src/commonMain/kotlin/com/pubnub/kmp/futures.kt:61:15)
    at sam$com_pubnub_kmp_PNFuture$0.protoOf.z1o (/Users/wojciech.kalicinski/projects/pubnub-chat/pubnub-chat-impl/build/dist/js/productionLibrary/pubnub-pubnub-kotlin-pubnub-kotlin-api.js:1419:17)
    at sam$com_pubnub_kmp_PNFuture$0.z1o [as k1u_1] (/Users/wojciech.kalicinski/projects/pubnub-kotlin/pubnub-kotlin/pubnub-kotlin-api/src/commonMain/kotlin/com/pubnub/kmp/futures.kt:61:15)
    at sam$com_pubnub_kmp_PNFuture$0.protoOf.z1o (/Users/wojciech.kalicinski/projects/pubnub-chat/pubnub-chat-impl/build/dist/js/productionLibrary/pubnub-pubnub-kotlin-pubnub-kotlin-api.js:1419:17)
    at z1o (/Users/wojciech.kalicinski/projects/pubnub-chat/pubnub-chat-impl/build/src/jsMain/kotlin/converters.kt:134:5)
    at new Promise (&lt;anonymous&gt;)
    at asPromise (/Users/wojciech.kalicinski/projects/pubnub-chat/pubnub-chat-impl/build/src/jsMain/kotlin/converters.kt:133:47)
    at Channel_1.asPromise [as sendText] (/Users/wojciech.kalicinski/projects/pubnub-chat/pubnub-chat-impl/build/src/jsMain/kotlin/ChannelJs.kt:83:11)
    at Object.sendText (/Users/wojciech.kalicinski/projects/js-chat/lib/tests/message.test.ts:1520:23)
    at processTicksAndRejections (node:internal/process/task_queues:95:5)</failure>
    </testcase>
    <testcase classname="Send message test should be able to read live messages with custom payloads as well" name="Send message test should be able to read live messages with custom payloads as well" time="1.709">
      <failure>PubNubException: Serializer for class &apos;Any&apos; is not found.
Please ensure that class is marked as &apos;@Serializable&apos; and that the serialization compiler plugin is applied.
To get enum serializer on Kotlin/JS, it should be annotated with @Serializable annotation.
    at Companion_5.protoOf.m1o (/Users/wojciech.kalicinski/projects/pubnub-kotlin/pubnub-kotlin/pubnub-kotlin-core-api/src/jsMain/kotlin/com/pubnub/api/PubNubException.kt:29:17)
    at Companion_3.m1o (/Users/wojciech.kalicinski/projects/pubnub-kotlin/pubnub-kotlin/pubnub-kotlin-core-api/src/commonMain/kotlin/com/pubnub/api/v2/callbacks/Result.kt:115:108)
    at sam$com_pubnub_api_v2_callbacks_Consumer$0_1.l1o [as s1u_1] (/Users/wojciech.kalicinski/projects/pubnub-kotlin/pubnub-kotlin/pubnub-kotlin-core-api/src/commonMain/kotlin/com/pubnub/api/v2/callbacks/Result.kt:243:16)
    at sam$com_pubnub_api_v2_callbacks_Consumer$0_1.protoOf.k1p (/Users/wojciech.kalicinski/projects/pubnub-chat/pubnub-chat-impl/build/dist/js/productionLibrary/pubnub-pubnub-kotlin-pubnub-kotlin-api.js:1674:17)
    at sam$com_pubnub_kmp_PNFuture$0_4.k1p [as p1u_1] (/Users/wojciech.kalicinski/projects/pubnub-kotlin/pubnub-kotlin/pubnub-kotlin-api/src/commonMain/kotlin/com/pubnub/kmp/futures.kt:112:18)
    at sam$com_pubnub_kmp_PNFuture$0_4.protoOf.z1o (/Users/wojciech.kalicinski/projects/pubnub-chat/pubnub-chat-impl/build/dist/js/productionLibrary/pubnub-pubnub-kotlin-pubnub-kotlin-api.js:1554:17)
    at sam$com_pubnub_kmp_PNFuture$0_0.z1o [as l1u_1] (/Users/wojciech.kalicinski/projects/pubnub-kotlin/pubnub-kotlin/pubnub-kotlin-api/src/commonMain/kotlin/com/pubnub/kmp/futures.kt:67:20)
    at sam$com_pubnub_kmp_PNFuture$0_0.protoOf.z1o (/Users/wojciech.kalicinski/projects/pubnub-chat/pubnub-chat-impl/build/dist/js/productionLibrary/pubnub-pubnub-kotlin-pubnub-kotlin-api.js:1446:17)
    at sam$com_pubnub_kmp_PNFuture$0.z1o [as k1u_1] (/Users/wojciech.kalicinski/projects/pubnub-kotlin/pubnub-kotlin/pubnub-kotlin-api/src/commonMain/kotlin/com/pubnub/kmp/futures.kt:61:15)
    at sam$com_pubnub_kmp_PNFuture$0.protoOf.z1o (/Users/wojciech.kalicinski/projects/pubnub-chat/pubnub-chat-impl/build/dist/js/productionLibrary/pubnub-pubnub-kotlin-pubnub-kotlin-api.js:1419:17)
    at sam$com_pubnub_kmp_PNFuture$0.z1o [as k1u_1] (/Users/wojciech.kalicinski/projects/pubnub-kotlin/pubnub-kotlin/pubnub-kotlin-api/src/commonMain/kotlin/com/pubnub/kmp/futures.kt:61:15)
    at sam$com_pubnub_kmp_PNFuture$0.protoOf.z1o (/Users/wojciech.kalicinski/projects/pubnub-chat/pubnub-chat-impl/build/dist/js/productionLibrary/pubnub-pubnub-kotlin-pubnub-kotlin-api.js:1419:17)
    at z1o (/Users/wojciech.kalicinski/projects/pubnub-chat/pubnub-chat-impl/build/src/jsMain/kotlin/converters.kt:134:5)
    at new Promise (&lt;anonymous&gt;)
    at asPromise (/Users/wojciech.kalicinski/projects/pubnub-chat/pubnub-chat-impl/build/src/jsMain/kotlin/converters.kt:133:47)
    at Channel_1.asPromise [as sendText] (/Users/wojciech.kalicinski/projects/pubnub-chat/pubnub-chat-impl/build/src/jsMain/kotlin/ChannelJs.kt:83:11)
    at Object.sendText (/Users/wojciech.kalicinski/projects/js-chat/lib/tests/message.test.ts:1580:23)
    at processTicksAndRejections (node:internal/process/task_queues:95:5)</failure>
    </testcase>
    <testcase classname="Send message test should be able to read live encrypted messages with custom payloads" name="Send message test should be able to read live encrypted messages with custom payloads" time="1.824">
      <failure>PubNubException: Serializer for class &apos;Any&apos; is not found.
Please ensure that class is marked as &apos;@Serializable&apos; and that the serialization compiler plugin is applied.
To get enum serializer on Kotlin/JS, it should be annotated with @Serializable annotation.
    at Companion_5.protoOf.m1o (/Users/wojciech.kalicinski/projects/pubnub-kotlin/pubnub-kotlin/pubnub-kotlin-core-api/src/jsMain/kotlin/com/pubnub/api/PubNubException.kt:29:17)
    at Companion_3.m1o (/Users/wojciech.kalicinski/projects/pubnub-kotlin/pubnub-kotlin/pubnub-kotlin-core-api/src/commonMain/kotlin/com/pubnub/api/v2/callbacks/Result.kt:115:108)
    at sam$com_pubnub_api_v2_callbacks_Consumer$0_1.l1o [as s1u_1] (/Users/wojciech.kalicinski/projects/pubnub-kotlin/pubnub-kotlin/pubnub-kotlin-core-api/src/commonMain/kotlin/com/pubnub/api/v2/callbacks/Result.kt:243:16)
    at sam$com_pubnub_api_v2_callbacks_Consumer$0_1.protoOf.k1p (/Users/wojciech.kalicinski/projects/pubnub-chat/pubnub-chat-impl/build/dist/js/productionLibrary/pubnub-pubnub-kotlin-pubnub-kotlin-api.js:1674:17)
    at sam$com_pubnub_kmp_PNFuture$0_4.k1p [as p1u_1] (/Users/wojciech.kalicinski/projects/pubnub-kotlin/pubnub-kotlin/pubnub-kotlin-api/src/commonMain/kotlin/com/pubnub/kmp/futures.kt:112:18)
    at sam$com_pubnub_kmp_PNFuture$0_4.protoOf.z1o (/Users/wojciech.kalicinski/projects/pubnub-chat/pubnub-chat-impl/build/dist/js/productionLibrary/pubnub-pubnub-kotlin-pubnub-kotlin-api.js:1554:17)
    at sam$com_pubnub_kmp_PNFuture$0_0.z1o [as l1u_1] (/Users/wojciech.kalicinski/projects/pubnub-kotlin/pubnub-kotlin/pubnub-kotlin-api/src/commonMain/kotlin/com/pubnub/kmp/futures.kt:67:20)
    at sam$com_pubnub_kmp_PNFuture$0_0.protoOf.z1o (/Users/wojciech.kalicinski/projects/pubnub-chat/pubnub-chat-impl/build/dist/js/productionLibrary/pubnub-pubnub-kotlin-pubnub-kotlin-api.js:1446:17)
    at sam$com_pubnub_kmp_PNFuture$0.z1o [as k1u_1] (/Users/wojciech.kalicinski/projects/pubnub-kotlin/pubnub-kotlin/pubnub-kotlin-api/src/commonMain/kotlin/com/pubnub/kmp/futures.kt:61:15)
    at sam$com_pubnub_kmp_PNFuture$0.protoOf.z1o (/Users/wojciech.kalicinski/projects/pubnub-chat/pubnub-chat-impl/build/dist/js/productionLibrary/pubnub-pubnub-kotlin-pubnub-kotlin-api.js:1419:17)
    at sam$com_pubnub_kmp_PNFuture$0.z1o [as k1u_1] (/Users/wojciech.kalicinski/projects/pubnub-kotlin/pubnub-kotlin/pubnub-kotlin-api/src/commonMain/kotlin/com/pubnub/kmp/futures.kt:61:15)
    at sam$com_pubnub_kmp_PNFuture$0.protoOf.z1o (/Users/wojciech.kalicinski/projects/pubnub-chat/pubnub-chat-impl/build/dist/js/productionLibrary/pubnub-pubnub-kotlin-pubnub-kotlin-api.js:1419:17)
    at z1o (/Users/wojciech.kalicinski/projects/pubnub-chat/pubnub-chat-impl/build/src/jsMain/kotlin/converters.kt:134:5)
    at new Promise (&lt;anonymous&gt;)
    at asPromise (/Users/wojciech.kalicinski/projects/pubnub-chat/pubnub-chat-impl/build/src/jsMain/kotlin/converters.kt:133:47)
    at Channel_1.asPromise [as sendText] (/Users/wojciech.kalicinski/projects/pubnub-chat/pubnub-chat-impl/build/src/jsMain/kotlin/ChannelJs.kt:83:11)
    at Object.sendText (/Users/wojciech.kalicinski/projects/js-chat/lib/tests/message.test.ts:1629:23)
    at processTicksAndRejections (node:internal/process/task_queues:95:5)</failure>
    </testcase>
    <testcase classname="Send message test should be able to read historic encrypted messages with custom payloads" name="Send message test should be able to read historic encrypted messages with custom payloads" time="1.715">
      <failure>PubNubException: Serializer for class &apos;Any&apos; is not found.
Please ensure that class is marked as &apos;@Serializable&apos; and that the serialization compiler plugin is applied.
To get enum serializer on Kotlin/JS, it should be annotated with @Serializable annotation.
    at Companion_5.protoOf.m1o (/Users/wojciech.kalicinski/projects/pubnub-kotlin/pubnub-kotlin/pubnub-kotlin-core-api/src/jsMain/kotlin/com/pubnub/api/PubNubException.kt:29:17)
    at Companion_3.m1o (/Users/wojciech.kalicinski/projects/pubnub-kotlin/pubnub-kotlin/pubnub-kotlin-core-api/src/commonMain/kotlin/com/pubnub/api/v2/callbacks/Result.kt:115:108)
    at sam$com_pubnub_api_v2_callbacks_Consumer$0_1.l1o [as s1u_1] (/Users/wojciech.kalicinski/projects/pubnub-kotlin/pubnub-kotlin/pubnub-kotlin-core-api/src/commonMain/kotlin/com/pubnub/api/v2/callbacks/Result.kt:243:16)
    at sam$com_pubnub_api_v2_callbacks_Consumer$0_1.protoOf.k1p (/Users/wojciech.kalicinski/projects/pubnub-chat/pubnub-chat-impl/build/dist/js/productionLibrary/pubnub-pubnub-kotlin-pubnub-kotlin-api.js:1674:17)
    at sam$com_pubnub_kmp_PNFuture$0_4.k1p [as p1u_1] (/Users/wojciech.kalicinski/projects/pubnub-kotlin/pubnub-kotlin/pubnub-kotlin-api/src/commonMain/kotlin/com/pubnub/kmp/futures.kt:112:18)
    at sam$com_pubnub_kmp_PNFuture$0_4.protoOf.z1o (/Users/wojciech.kalicinski/projects/pubnub-chat/pubnub-chat-impl/build/dist/js/productionLibrary/pubnub-pubnub-kotlin-pubnub-kotlin-api.js:1554:17)
    at sam$com_pubnub_kmp_PNFuture$0_0.z1o [as l1u_1] (/Users/wojciech.kalicinski/projects/pubnub-kotlin/pubnub-kotlin/pubnub-kotlin-api/src/commonMain/kotlin/com/pubnub/kmp/futures.kt:67:20)
    at sam$com_pubnub_kmp_PNFuture$0_0.protoOf.z1o (/Users/wojciech.kalicinski/projects/pubnub-chat/pubnub-chat-impl/build/dist/js/productionLibrary/pubnub-pubnub-kotlin-pubnub-kotlin-api.js:1446:17)
    at sam$com_pubnub_kmp_PNFuture$0.z1o [as k1u_1] (/Users/wojciech.kalicinski/projects/pubnub-kotlin/pubnub-kotlin/pubnub-kotlin-api/src/commonMain/kotlin/com/pubnub/kmp/futures.kt:61:15)
    at sam$com_pubnub_kmp_PNFuture$0.protoOf.z1o (/Users/wojciech.kalicinski/projects/pubnub-chat/pubnub-chat-impl/build/dist/js/productionLibrary/pubnub-pubnub-kotlin-pubnub-kotlin-api.js:1419:17)
    at sam$com_pubnub_kmp_PNFuture$0.z1o [as k1u_1] (/Users/wojciech.kalicinski/projects/pubnub-kotlin/pubnub-kotlin/pubnub-kotlin-api/src/commonMain/kotlin/com/pubnub/kmp/futures.kt:61:15)
    at sam$com_pubnub_kmp_PNFuture$0.protoOf.z1o (/Users/wojciech.kalicinski/projects/pubnub-chat/pubnub-chat-impl/build/dist/js/productionLibrary/pubnub-pubnub-kotlin-pubnub-kotlin-api.js:1419:17)
    at z1o (/Users/wojciech.kalicinski/projects/pubnub-chat/pubnub-chat-impl/build/src/jsMain/kotlin/converters.kt:134:5)
    at new Promise (&lt;anonymous&gt;)
    at asPromise (/Users/wojciech.kalicinski/projects/pubnub-chat/pubnub-chat-impl/build/src/jsMain/kotlin/converters.kt:133:47)
    at Channel_1.asPromise [as sendText] (/Users/wojciech.kalicinski/projects/pubnub-chat/pubnub-chat-impl/build/src/jsMain/kotlin/ChannelJs.kt:83:11)
    at Object.sendText (/Users/wojciech.kalicinski/projects/js-chat/lib/tests/message.test.ts:1672:23)
    at processTicksAndRejections (node:internal/process/task_queues:95:5)</failure>
    </testcase>
  </testsuite>
</testsuites>